\BOOKMARK [1][-]{section.1}{Johdanto}{}% 1
\BOOKMARK [1][-]{section.2}{Testaus olioj\344rjestelmiss\344}{}% 2
\BOOKMARK [2][-]{subsection.2.1}{Rooli}{section.2}% 3
\BOOKMARK [2][-]{subsection.2.2}{Tasot}{section.2}% 4
\BOOKMARK [2][-]{subsection.2.3}{Testien suunnittelu}{section.2}% 5
\BOOKMARK [2][-]{subsection.2.4}{Rajoitukset}{section.2}% 6
\BOOKMARK [1][-]{section.3}{Mutaatiotestaus}{}% 7
\BOOKMARK [2][-]{subsection.3.1}{Historia ja periaatteet/teoreettinen perusta}{section.3}% 8
\BOOKMARK [2][-]{subsection.3.2}{Perinteinen mutaatiotestausprosessi}{section.3}% 9
\BOOKMARK [2][-]{subsection.3.3}{Uusi mutaatiotestausprosessi}{section.3}% 10
\BOOKMARK [1][-]{section.4}{Mutaatiotestaus olioj\344rjestelmiss\344}{}% 11
\BOOKMARK [2][-]{subsection.4.1}{Mutaatiotestauksen piirteet olioj\344rjestelmiss\344}{section.4}% 12
\BOOKMARK [2][-]{subsection.4.2}{Mutaatio-operaattorit olioj\344rjestelmiss\344}{section.4}% 13
\BOOKMARK [2][-]{subsection.4.3}{Automatisoidut mutaatioj\344rjestelm\344t}{section.4}% 14
\BOOKMARK [1][-]{section.5}{Mutaatiotestauksen haasteet}{}% 15
\BOOKMARK [2][-]{subsection.5.1}{Ekvivalentit mutantit}{section.5}% 16
\BOOKMARK [2][-]{subsection.5.2}{Tehokkuusongelmat}{section.5}% 17
\BOOKMARK [2][-]{subsection.5.3}{Manuaalinen ty\366}{section.5}% 18
\BOOKMARK [1][-]{section.6}{Yhteenveto}{}% 19
\BOOKMARK [1][-]{section*.2}{L\344hteet}{}% 20
